<?xml version="1.0" encoding="UTF-8"?>
<!-- Generated by org.testng.reporters.JUnitReportReporter -->
<testsuite skipped="0" hostname="Lenovo-PC" name="FindBusStopLocation.HamcrestPractice" tests="1" failures="1" timestamp="2021-10-04T20:28:53 IST" time="46.900" errors="0">
  <testcase name="BusStopLocationFind" time="46.900" classname="FindBusStopLocation.HamcrestPractice">
    <failure type="java.lang.AssertionError" message="
Expected: is [&quot;400323&quot;, &lt;-73.983921&gt;, &quot;5 AV/W 35 ST&quot;, &quot;MTA_400323&quot;, &quot;America/New_York&quot;]
     but: was [&quot;400323&quot;, &lt;-73.98392F&gt;, &quot;5 AV/W 35 ST&quot;, &quot;MTA_400323&quot;, &quot;America/New_York&quot;]">
      <![CDATA[java.lang.AssertionError: 
Expected: is ["400323", <-73.983921>, "5 AV/W 35 ST", "MTA_400323", "America/New_York"]
     but: was ["400323", <-73.98392F>, "5 AV/W 35 ST", "MTA_400323", "America/New_York"]
at org.hamcrest.MatcherAssert.assertThat(MatcherAssert.java:20)
at org.hamcrest.MatcherAssert.assertThat(MatcherAssert.java:8)
at FindBusStopLocation.HamcrestPractice.BusStopLocationFind(HamcrestPractice.java:39)
at sun.reflect.NativeMethodAccessorImpl.invoke0(Native Method)
at sun.reflect.NativeMethodAccessorImpl.invoke(NativeMethodAccessorImpl.java:62)
at sun.reflect.DelegatingMethodAccessorImpl.invoke(DelegatingMethodAccessorImpl.java:43)
at java.lang.reflect.Method.invoke(Method.java:498)
at org.testng.internal.MethodInvocationHelper.invokeMethod(MethodInvocationHelper.java:134)
at org.testng.internal.TestInvoker.invokeMethod(TestInvoker.java:597)
at org.testng.internal.TestInvoker.invokeTestMethod(TestInvoker.java:173)
at org.testng.internal.MethodRunner.runInSequence(MethodRunner.java:46)
at org.testng.internal.TestInvoker$MethodInvocationAgent.invoke(TestInvoker.java:816)
at org.testng.internal.TestInvoker.invokeTestMethods(TestInvoker.java:146)
at org.testng.internal.TestMethodWorker.invokeTestMethods(TestMethodWorker.java:146)
at org.testng.internal.TestMethodWorker.run(TestMethodWorker.java:128)
at java.util.ArrayList.forEach(ArrayList.java:1257)
at org.testng.TestRunner.privateRun(TestRunner.java:766)
at org.testng.TestRunner.run(TestRunner.java:587)
at org.testng.SuiteRunner.runTest(SuiteRunner.java:384)
at org.testng.SuiteRunner.runSequentially(SuiteRunner.java:378)
at org.testng.SuiteRunner.privateRun(SuiteRunner.java:337)
at org.testng.SuiteRunner.run(SuiteRunner.java:286)
at org.testng.SuiteRunnerWorker.runSuite(SuiteRunnerWorker.java:53)
at org.testng.SuiteRunnerWorker.run(SuiteRunnerWorker.java:96)
at org.testng.TestNG.runSuitesSequentially(TestNG.java:1187)
at org.testng.TestNG.runSuitesLocally(TestNG.java:1109)
at org.testng.TestNG.runSuites(TestNG.java:1039)
at org.testng.TestNG.run(TestNG.java:1007)
at org.testng.remote.AbstractRemoteTestNG.run(AbstractRemoteTestNG.java:115)
at org.testng.remote.RemoteTestNG.initAndRun(RemoteTestNG.java:251)
at org.testng.remote.RemoteTestNG.main(RemoteTestNG.java:77)
]]>
    </failure>
  </testcase> <!-- BusStopLocationFind -->
  <system-out/>
</testsuite> <!-- FindBusStopLocation.HamcrestPractice -->
