<?xml version="1.0" encoding="UTF-8"?>
<!-- Generated by org.testng.reporters.JUnitReportReporter -->
<testsuite skipped="0" hostname="Lenovo-PC" name="FindBusStopLocation.json2Pojo" tests="4" failures="3" timestamp="2021-10-12T16:09:34 IST" time="4.472" errors="0">
  <testcase name="BusStopLocationFind" time="4.066" classname="FindBusStopLocation.json2Pojo"/>
  <system-out/>
  <testcase name="agencyResponseValiatio" time="0.035" classname="FindBusStopLocation.json2Pojo">
    <failure type="java.lang.AssertionError" message="
Expected: is [&quot;&quot;, &quot;&quot;, &quot;en&quot;, &quot;MTA New York City Transit&quot;, &quot;718-330-1234&quot;, &quot;false&quot;, &quot;America/New_York&quot;, &quot;http://www.mta.info&quot;]
     but: was [&quot;&quot;, &quot;&quot;, &quot;EN&quot;, &quot;MTA Bus Company&quot;, &quot;&quot;, &quot;false&quot;, &quot;America/New_York&quot;, &quot;http://www.mta.info&quot;]">
      <![CDATA[java.lang.AssertionError: 
Expected: is ["", "", "en", "MTA New York City Transit", "718-330-1234", "false", "America/New_York", "http://www.mta.info"]
     but: was ["", "", "EN", "MTA Bus Company", "", "false", "America/New_York", "http://www.mta.info"]
at org.hamcrest.MatcherAssert.assertThat(MatcherAssert.java:20)
at org.hamcrest.MatcherAssert.assertThat(MatcherAssert.java:8)
at FindBusStopLocation.json2Pojo.agencyResponseValiatio(json2Pojo.java:135)
at sun.reflect.NativeMethodAccessorImpl.invoke0(Native Method)
at sun.reflect.NativeMethodAccessorImpl.invoke(NativeMethodAccessorImpl.java:62)
at sun.reflect.DelegatingMethodAccessorImpl.invoke(DelegatingMethodAccessorImpl.java:43)
at java.lang.reflect.Method.invoke(Method.java:498)
at org.testng.internal.MethodInvocationHelper.invokeMethod(MethodInvocationHelper.java:134)
at org.testng.internal.TestInvoker.invokeMethod(TestInvoker.java:597)
at org.testng.internal.TestInvoker.invokeTestMethod(TestInvoker.java:173)
at org.testng.internal.MethodRunner.runInSequence(MethodRunner.java:46)
at org.testng.internal.TestInvoker$MethodInvocationAgent.invoke(TestInvoker.java:816)
at org.testng.internal.TestInvoker.invokeTestMethods(TestInvoker.java:146)
at org.testng.internal.TestMethodWorker.invokeTestMethods(TestMethodWorker.java:146)
at org.testng.internal.TestMethodWorker.run(TestMethodWorker.java:128)
at java.util.ArrayList.forEach(ArrayList.java:1257)
at org.testng.TestRunner.privateRun(TestRunner.java:766)
at org.testng.TestRunner.run(TestRunner.java:587)
at org.testng.SuiteRunner.runTest(SuiteRunner.java:384)
at org.testng.SuiteRunner.runSequentially(SuiteRunner.java:378)
at org.testng.SuiteRunner.privateRun(SuiteRunner.java:337)
at org.testng.SuiteRunner.run(SuiteRunner.java:286)
at org.testng.SuiteRunnerWorker.runSuite(SuiteRunnerWorker.java:53)
at org.testng.SuiteRunnerWorker.run(SuiteRunnerWorker.java:96)
at org.testng.TestNG.runSuitesSequentially(TestNG.java:1187)
at org.testng.TestNG.runSuitesLocally(TestNG.java:1109)
at org.testng.TestNG.runSuites(TestNG.java:1039)
at org.testng.TestNG.run(TestNG.java:1007)
at org.testng.remote.AbstractRemoteTestNG.run(AbstractRemoteTestNG.java:115)
at org.testng.remote.RemoteTestNG.initAndRun(RemoteTestNG.java:251)
at org.testng.remote.RemoteTestNG.main(RemoteTestNG.java:77)
]]>
    </failure>
  </testcase> <!-- agencyResponseValiatio -->
  <system-out/>
  <testcase name="routesResponseValiatio" time="0.002" classname="FindBusStopLocation.json2Pojo">
    <failure type="java.lang.AssertionError" message="
Expected: is [&quot;EE352E&quot;, &quot;via 5th Av / Madison Av&quot;, &quot;MTA NYCT_M1&quot;, &quot;Harlem - East Village&quot;, &quot;M1&quot;, &quot;FFFFFF&quot;, &quot;3&quot;, &quot;&quot;]
     but: was [&quot;B933AD&quot;, &quot;via 5th Av / Madison Av / AC Powell Blvd&quot;, &quot;MTA NYCT_M2&quot;, &quot;Washington Heights - East Village&quot;, &quot;M2&quot;, &quot;FFFFFF&quot;, &quot;3&quot;, &quot;&quot;]">
      <![CDATA[java.lang.AssertionError: 
Expected: is ["EE352E", "via 5th Av / Madison Av", "MTA NYCT_M1", "Harlem - East Village", "M1", "FFFFFF", "3", ""]
     but: was ["B933AD", "via 5th Av / Madison Av / AC Powell Blvd", "MTA NYCT_M2", "Washington Heights - East Village", "M2", "FFFFFF", "3", ""]
at org.hamcrest.MatcherAssert.assertThat(MatcherAssert.java:20)
at org.hamcrest.MatcherAssert.assertThat(MatcherAssert.java:8)
at FindBusStopLocation.json2Pojo.routesResponseValiatio(json2Pojo.java:99)
at sun.reflect.NativeMethodAccessorImpl.invoke0(Native Method)
at sun.reflect.NativeMethodAccessorImpl.invoke(NativeMethodAccessorImpl.java:62)
at sun.reflect.DelegatingMethodAccessorImpl.invoke(DelegatingMethodAccessorImpl.java:43)
at java.lang.reflect.Method.invoke(Method.java:498)
at org.testng.internal.MethodInvocationHelper.invokeMethod(MethodInvocationHelper.java:134)
at org.testng.internal.TestInvoker.invokeMethod(TestInvoker.java:597)
at org.testng.internal.TestInvoker.invokeTestMethod(TestInvoker.java:173)
at org.testng.internal.MethodRunner.runInSequence(MethodRunner.java:46)
at org.testng.internal.TestInvoker$MethodInvocationAgent.invoke(TestInvoker.java:816)
at org.testng.internal.TestInvoker.invokeTestMethods(TestInvoker.java:146)
at org.testng.internal.TestMethodWorker.invokeTestMethods(TestMethodWorker.java:146)
at org.testng.internal.TestMethodWorker.run(TestMethodWorker.java:128)
at java.util.ArrayList.forEach(ArrayList.java:1257)
at org.testng.TestRunner.privateRun(TestRunner.java:766)
at org.testng.TestRunner.run(TestRunner.java:587)
at org.testng.SuiteRunner.runTest(SuiteRunner.java:384)
at org.testng.SuiteRunner.runSequentially(SuiteRunner.java:378)
at org.testng.SuiteRunner.privateRun(SuiteRunner.java:337)
at org.testng.SuiteRunner.run(SuiteRunner.java:286)
at org.testng.SuiteRunnerWorker.runSuite(SuiteRunnerWorker.java:53)
at org.testng.SuiteRunnerWorker.run(SuiteRunnerWorker.java:96)
at org.testng.TestNG.runSuitesSequentially(TestNG.java:1187)
at org.testng.TestNG.runSuitesLocally(TestNG.java:1109)
at org.testng.TestNG.runSuites(TestNG.java:1039)
at org.testng.TestNG.run(TestNG.java:1007)
at org.testng.remote.AbstractRemoteTestNG.run(AbstractRemoteTestNG.java:115)
at org.testng.remote.RemoteTestNG.initAndRun(RemoteTestNG.java:251)
at org.testng.remote.RemoteTestNG.main(RemoteTestNG.java:77)
]]>
    </failure>
  </testcase> <!-- routesResponseValiatio -->
  <system-out/>
  <testcase name="StopsResponseValidation" time="0.369" classname="FindBusStopLocation.json2Pojo">
    <failure type="java.lang.AssertionError" message="
Expected: is [&quot;400324&quot;, &quot;SW&quot;, &quot;MTA_400324&quot;, &quot;40.747494&quot;, &quot;0&quot;, &quot;-73.985338&quot;, &quot;5 AV/W 33 ST&quot;, &quot;UNKNOWN&quot;]
     but: was [&quot;400323&quot;, &quot;SW&quot;, &quot;MTA_400323&quot;, &quot;40.749477&quot;, &quot;0&quot;, &quot;-73.983921&quot;, &quot;5 AV/W 35 ST&quot;, &quot;UNKNOWN&quot;]">
      <![CDATA[java.lang.AssertionError: 
Expected: is ["400324", "SW", "MTA_400324", "40.747494", "0", "-73.985338", "5 AV/W 33 ST", "UNKNOWN"]
     but: was ["400323", "SW", "MTA_400323", "40.749477", "0", "-73.983921", "5 AV/W 35 ST", "UNKNOWN"]
at org.hamcrest.MatcherAssert.assertThat(MatcherAssert.java:20)
at org.hamcrest.MatcherAssert.assertThat(MatcherAssert.java:8)
at FindBusStopLocation.json2Pojo.StopsResponseValidation(json2Pojo.java:65)
at sun.reflect.NativeMethodAccessorImpl.invoke0(Native Method)
at sun.reflect.NativeMethodAccessorImpl.invoke(NativeMethodAccessorImpl.java:62)
at sun.reflect.DelegatingMethodAccessorImpl.invoke(DelegatingMethodAccessorImpl.java:43)
at java.lang.reflect.Method.invoke(Method.java:498)
at org.testng.internal.MethodInvocationHelper.invokeMethod(MethodInvocationHelper.java:134)
at org.testng.internal.TestInvoker.invokeMethod(TestInvoker.java:597)
at org.testng.internal.TestInvoker.invokeTestMethod(TestInvoker.java:173)
at org.testng.internal.MethodRunner.runInSequence(MethodRunner.java:46)
at org.testng.internal.TestInvoker$MethodInvocationAgent.invoke(TestInvoker.java:816)
at org.testng.internal.TestInvoker.invokeTestMethods(TestInvoker.java:146)
at org.testng.internal.TestMethodWorker.invokeTestMethods(TestMethodWorker.java:146)
at org.testng.internal.TestMethodWorker.run(TestMethodWorker.java:128)
at java.util.ArrayList.forEach(ArrayList.java:1257)
at org.testng.TestRunner.privateRun(TestRunner.java:766)
at org.testng.TestRunner.run(TestRunner.java:587)
at org.testng.SuiteRunner.runTest(SuiteRunner.java:384)
at org.testng.SuiteRunner.runSequentially(SuiteRunner.java:378)
at org.testng.SuiteRunner.privateRun(SuiteRunner.java:337)
at org.testng.SuiteRunner.run(SuiteRunner.java:286)
at org.testng.SuiteRunnerWorker.runSuite(SuiteRunnerWorker.java:53)
at org.testng.SuiteRunnerWorker.run(SuiteRunnerWorker.java:96)
at org.testng.TestNG.runSuitesSequentially(TestNG.java:1187)
at org.testng.TestNG.runSuitesLocally(TestNG.java:1109)
at org.testng.TestNG.runSuites(TestNG.java:1039)
at org.testng.TestNG.run(TestNG.java:1007)
at org.testng.remote.AbstractRemoteTestNG.run(AbstractRemoteTestNG.java:115)
at org.testng.remote.RemoteTestNG.initAndRun(RemoteTestNG.java:251)
at org.testng.remote.RemoteTestNG.main(RemoteTestNG.java:77)
]]>
    </failure>
  </testcase> <!-- StopsResponseValidation -->
  <system-out/>
</testsuite> <!-- FindBusStopLocation.json2Pojo -->
